<?xml version="1.0" encoding="UTF-8"?>
<!-- Generated by org.testng.reporters.JUnitXMLReporter -->
<testsuite ignored="0" hostname="home-laptop" failures="1" tests="2" name="Test" time="69.976" errors="0" timestamp="2023-07-10T19:00:00 IST">
  <testcase classname="com.ticketbooking.tests.TicketBookingTest" name="oneWayTicketBookingTest" time="38.551"/>
  <testcase classname="com.ticketbooking.tests.TicketBookingTest" name="tempTest" time="0.096">
    <failure type="java.lang.AssertionError" message="expected [true] but found [false]">
      <![CDATA[java.lang.AssertionError: expected [true] but found [false]
at com.ticketbooking.tests.TicketBookingTest.tempTest(TicketBookingTest.java:50)
at java.base/java.util.ArrayList.forEach(ArrayList.java:1511)
... Removed 31 stack frames]]>
    </failure>
  </testcase> <!-- tempTest -->
</testsuite> <!-- Test -->
