<?xml version="1.0" encoding="UTF-8"?>
<testng-results ignored="0" total="2" passed="1" failed="1" skipped="0">
  <reporter-output>
  </reporter-output>
  <suite started-at="2023-07-10T18:58:48 IST" name="Suite" finished-at="2023-07-10T18:59:58 IST" duration-ms="69976">
    <groups>
    </groups>
    <test started-at="2023-07-10T18:58:48 IST" name="Test" finished-at="2023-07-10T18:59:58 IST" duration-ms="69976">
      <class name="com.ticketbooking.tests.TicketBookingTest">
        <test-method is-config="true" signature="beforeMethod(java.lang.String)[pri:0, instance:com.ticketbooking.tests.TicketBookingTest@6302bbb1]" started-at="2023-07-10T18:58:50 IST" name="beforeMethod" finished-at="2023-07-10T18:59:06 IST" duration-ms="15737" status="PASS">
          <params>
            <param index="0">
              <value>
                <![CDATA[chrome]]>
              </value>
            </param>
          </params>
          <reporter-output>
          </reporter-output>
        </test-method> <!-- beforeMethod -->
        <test-method signature="oneWayTicketBookingTest()[pri:0, instance:com.ticketbooking.tests.TicketBookingTest@6302bbb1]" started-at="2023-07-10T18:59:06 IST" name="oneWayTicketBookingTest" finished-at="2023-07-10T18:59:44 IST" duration-ms="38551" status="PASS">
          <reporter-output>
          </reporter-output>
        </test-method> <!-- oneWayTicketBookingTest -->
        <test-method is-config="true" signature="afterMethod()[pri:0, instance:com.ticketbooking.tests.TicketBookingTest@6302bbb1]" started-at="2023-07-10T18:59:45 IST" name="afterMethod" finished-at="2023-07-10T18:59:46 IST" duration-ms="840" status="PASS">
          <reporter-output>
          </reporter-output>
        </test-method> <!-- afterMethod -->
        <test-method is-config="true" signature="beforeMethod(java.lang.String)[pri:0, instance:com.ticketbooking.tests.TicketBookingTest@6302bbb1]" started-at="2023-07-10T18:59:46 IST" name="beforeMethod" finished-at="2023-07-10T18:59:56 IST" duration-ms="10083" status="PASS">
          <params>
            <param index="0">
              <value>
                <![CDATA[chrome]]>
              </value>
            </param>
          </params>
          <reporter-output>
          </reporter-output>
        </test-method> <!-- beforeMethod -->
        <test-method signature="tempTest()[pri:0, instance:com.ticketbooking.tests.TicketBookingTest@6302bbb1]" started-at="2023-07-10T18:59:56 IST" name="tempTest" finished-at="2023-07-10T18:59:56 IST" duration-ms="96" status="FAIL">
          <exception class="java.lang.AssertionError">
            <message>
              <![CDATA[expected [true] but found [false]]]>
            </message>
            <full-stacktrace>
              <![CDATA[java.lang.AssertionError: expected [true] but found [false]
at org.testng.Assert.fail(Assert.java:110)
at org.testng.Assert.failNotEquals(Assert.java:1577)
at org.testng.Assert.assertTrue(Assert.java:56)
at org.testng.Assert.assertTrue(Assert.java:66)
at com.ticketbooking.tests.TicketBookingTest.tempTest(TicketBookingTest.java:50)
at java.base/jdk.internal.reflect.NativeMethodAccessorImpl.invoke0(Native Method)
at java.base/jdk.internal.reflect.NativeMethodAccessorImpl.invoke(NativeMethodAccessorImpl.java:77)
at java.base/jdk.internal.reflect.DelegatingMethodAccessorImpl.invoke(DelegatingMethodAccessorImpl.java:43)
at java.base/java.lang.reflect.Method.invoke(Method.java:568)
at org.testng.internal.invokers.MethodInvocationHelper.invokeMethod(MethodInvocationHelper.java:139)
at org.testng.internal.invokers.TestInvoker.invokeMethod(TestInvoker.java:677)
at org.testng.internal.invokers.TestInvoker.invokeTestMethod(TestInvoker.java:221)
at org.testng.internal.invokers.MethodRunner.runInSequence(MethodRunner.java:50)
at org.testng.internal.invokers.TestInvoker$MethodInvocationAgent.invoke(TestInvoker.java:969)
at org.testng.internal.invokers.TestInvoker.invokeTestMethods(TestInvoker.java:194)
at org.testng.internal.invokers.TestMethodWorker.invokeTestMethods(TestMethodWorker.java:148)
at org.testng.internal.invokers.TestMethodWorker.run(TestMethodWorker.java:128)
at java.base/java.util.ArrayList.forEach(ArrayList.java:1511)
at org.testng.TestRunner.privateRun(TestRunner.java:829)
at org.testng.TestRunner.run(TestRunner.java:602)
at org.testng.SuiteRunner.runTest(SuiteRunner.java:437)
at org.testng.SuiteRunner.runSequentially(SuiteRunner.java:431)
at org.testng.SuiteRunner.privateRun(SuiteRunner.java:391)
at org.testng.SuiteRunner.run(SuiteRunner.java:330)
at org.testng.SuiteRunnerWorker.runSuite(SuiteRunnerWorker.java:52)
at org.testng.SuiteRunnerWorker.run(SuiteRunnerWorker.java:95)
at org.testng.TestNG.runSuitesSequentially(TestNG.java:1256)
at org.testng.TestNG.runSuitesLocally(TestNG.java:1176)
at org.testng.TestNG.runSuites(TestNG.java:1099)
at org.testng.TestNG.run(TestNG.java:1067)
at org.testng.remote.AbstractRemoteTestNG.run(AbstractRemoteTestNG.java:115)
at org.testng.remote.RemoteTestNG.initAndRun(RemoteTestNG.java:251)
at org.testng.remote.RemoteTestNG.main(RemoteTestNG.java:77)
]]>
            </full-stacktrace>
          </exception> <!-- java.lang.AssertionError -->
          <reporter-output>
          </reporter-output>
        </test-method> <!-- tempTest -->
        <test-method is-config="true" signature="afterMethod()[pri:0, instance:com.ticketbooking.tests.TicketBookingTest@6302bbb1]" started-at="2023-07-10T18:59:58 IST" name="afterMethod" finished-at="2023-07-10T18:59:58 IST" duration-ms="701" status="PASS">
          <reporter-output>
          </reporter-output>
        </test-method> <!-- afterMethod -->
      </class> <!-- com.ticketbooking.tests.TicketBookingTest -->
    </test> <!-- Test -->
  </suite> <!-- Suite -->
</testng-results>
